[3 hours ago] e783f53  PM-2828 "In the BPMN Designer, can not connect..." SOLVED > Code Isuue:   0016744: In the BPMN Designer, can not connect to Oracle (and probably MS SQL) databases because no "Encode" options > Solution:   Cuando se selecciona la opcion en engine "oracle" no se mostraba los encodes. Se agrega los encodes para oracle. <Luis Fernando Saisa Lopez>
[5 days ago] 9002977  Change color the title and subtitle <Roly Rudy Gutierrez Pinto>
[10 days ago] a9a86f7  PM-2710 <Roly Rudy Gutierrez Pinto>
[10 days ago] 8322739  PM-2701 "Designer > Event > Properties: muestra un mensaje de..." SOLVED <Victor Saisa Lopez>
[3 weeks ago] 14c31bf  PM-2669 <marcelo.cuiza>
[3 weeks ago] d38fd89  PM-2669 <marcelo.cuiza>
[3 weeks ago] 8398116  PM-2669 <marcelo.cuiza>
[3 weeks ago] 75823cd  PM-2068 "Designer > Event > Properties: muestra un mensaje de..." SOLVED <Victor Saisa Lopez>
[3 weeks ago] 9c57661  IMPROVEMENT <Roly Rudy Gutierrez Pinto>
[3 weeks ago] c4dc66b  update pm2577 <jonathan>
[3 weeks ago] 42a1deb  udpate pm2577 <jonathan>
[3 weeks ago] 0c4c0ff  pm2577 <jonathan>
[3 weeks ago] 4045990  pm2590 <jonathan>
[3 weeks ago] 3beaf85  PM-2670 "Designer>Input Documents>..." SOLVED > Code Isuue:   Designer > Input Documents > Create New: Al hacer click sobre el boton CANCEL cierra todo incluso el listado de input documents > Solution:   Al hacer click sobre el boton cancel se muestra el listado de input documents. <Luis Fernando Saisa Lopez>
[3 weeks ago] db82391  PM-2682 Si se crean varios pools consecutivamente, el primero deja d funcionar correctamente <rodrigo quelca>
[3 weeks ago] eb5098c  PM-2660 Adicion del permiso Summary Form <Brayan Pereyra>
[3 weeks ago] c45c7ae  pm2611 <jonathan>
[3 weeks ago] f365ec2  PM-2661 Exclusive/Inclusive Gateways: En Internet Explorer al modificar el orden de los routing rules las conexiones muestran el label null <rodrigo quelca>
[4 weeks ago] 2930aaf  IMPROVEMENT <Roly Rudy Gutierrez Pinto>
[4 weeks ago] 43f9803  PM-2638 "Designer>BPMN Designer>Button Create..." SOLVED > Code Isuue:   Designer > BPMN Designer > Button Create Input Documents: Al momento de hacer click en el icono "X", nos muestra el listado de Input Documents > Solution:   Cuando se realizar click sobre la "X" del formulario del input documents, se agrega validacion para que no se muestra el   listado tomando en cuenta que el listado se mostrara cuando se guarde los datos. <Luis Fernando Saisa Lopez>
[4 weeks ago] 1b618d2  PM-2616 No se pueden seleccionar el "ID" en los dialogos <rodrigo quelca>
[4 weeks ago] ef9eaa2  IMPROVEMENT <Roly Rudy Gutierrez Pinto>
[4 weeks ago] c980bdb  p,2577 <jonathan>
[4 weeks ago] cb0be00  PM-2560 Al momento de crear un Dynaform y presionar "ENTER" al ponerle el titulo al dynaform este se queda cargando <rodrigo quelca>
[4 weeks ago] 0c4f94a  pm2640 v1 <jonathan>
[4 weeks ago] 273d873  pm2640 <jonathan>
[4 weeks ago] f624342  pm2613v1 <jonathan>
[4 weeks ago] a44d382  update pm2599 <jonathan>
[4 weeks ago] c3edc24  update pm2599 <jonathan>
[4 weeks ago] ef276db  IMPROVEMENT <Roly Rudy Gutierrez Pinto>