[4 weeks ago] c28c319  PM-2623 Elementos del diseñador, no se habilita el boton guardar si solo se mueve el elemento con el teclado <rodrigo quelca>
[5 weeks ago] 8993dfb  fix IMPROVEMENT ONCHAGE FOR TEXTFIELD <Richard Yujra>
[5 weeks ago] 1c66610  PM-2407 fix absolute position in meesage field <Richard Yujra>
[5 weeks ago] ce989d9  add handler beforeclose in window object <richard yujra>
[5 weeks ago] 70a469c  PM-2188 REDO action no tiene funcionalidad al crear objetos(Activity, Event, Gateway, Artifact, etc)(fixed) <rodrigo quelca>
[5 weeks ago] 1842364  a <Richard Yujra>
[5 weeks ago] 0e879b3  PM-2408 <marcelo.cuiza>
[5 weeks ago] 941c420  (origin/3.0-RC4, composer/3.0-RC4) PM-2360 fixed styles and refactory method translate PMUI <Richard Yujra>
[6 weeks ago] ab26b67  PM-1876 fixed <Richard Yujra>
[7 weeks ago] 286d1d8  a <richard yujra>
[7 weeks ago] f301859  a <richard yujra>
[7 weeks ago] 4dbc8fe  change style in footer buttons for messagewindow <richard yujra>
[7 weeks ago] 873cda0  PM-2141 <Roly Rudy Gutierrez Pinto>
[8 weeks ago] 51e466e  update method translate I18N <richard yujra>
[9 weeks ago] ffd5926  PM-2048 <marcelo.cuiza>
[9 weeks ago] e6db989  (origin/PM-2029, composer/PM-2029) PM-2029 <marcelo.cuiza>
[10 weeks ago] 9dc4b08  update sass form file <richard yujra>
[10 weeks ago] 7de7578  a <richard yujra>
[10 weeks ago] 7b5e17b  update color in dialog windows <richard yujra>
[2 months ago] ffc096c  update border for pmui base <Richard Yujra>
[2 months ago] 909d4f7  (origin/styles-Mafe, composer/styles-Mafe) update styles for fix PM-1815 <Richard Yujra>
[2 months ago] 7c20d9e  fix windows style <richard yujra>
[3 months ago] ab52825  update label draw <jonathan>
[3 months ago] eb04ec2  fix pm1803 <jonathan>
[3 months ago] 6afdfa6  PM-1757 create annotationfield <richard yujra>
[3 months ago] a2d2503  bug 1757 SOLVED <Richard Yujra>
[3 months ago] e300e73  PM-1757 Los formularios en las pantallas de configuración que se muestran en el designer no muestran el mensaje de que los campos requeridos están marcados con asterisco SOLVED <Richard Yujra>
[3 months ago] 21d6b1e  fiz zIndex to hide flash messages <rodrigo quelca>
[3 months ago] d63aa08  PM-1186 Icono de Upload cortado por la mitad <dheeyi>
[3 months ago] 6308a9c  PM-1693 In the designer when zoom is changed the flows are unconfigured. <rodrigo quelca>