[3 hours ago] d5fc4f9  (HEAD, origin/3.0-GA, composer/3.0-GA, 3.0-GA) a <Richard Yujra>
[8 hours ago] 3be45d0  PM-2824 RESOLVED <Richard Yujra>
[3 days ago] 986a572  PM-2824 RESOLVED <richard yujra>
[4 days ago] 088b546  fix 2834 2836 2837 resolved <richard yujra>
[6 days ago] 616a9a7  update data in suggest field <richard yujra>
[6 days ago] 997aef1  a <richard yujra>
[6 days ago] f266c70  IMPROVEMENT DELETE ROW IN GRID FIELD <richard yujra>
[6 days ago] 002b1ee  PM-2819 re-index grid when row is removed <richard yujra>
[7 days ago] 86f5888  update show list inm suggest field for compatibility ie8 <Richard Yujra>
[7 days ago] 47682aa  a <richard yujra>
[7 days ago] 211dd51  a <richard yujra>
[7 days ago] 3ddfdf3  PM-2756 fixed <richard yujra>
[10 days ago] c51d878  (tag: 3.0.0.2) a <Richard Yujra>
[10 days ago] 1b8ac27  upadte set dat for dropdown <Richard Yujra>
[10 days ago] fe100de  PM-2708 resolved <richard yujra>
[10 days ago] dc8ecb2  PM-2730 fix update runningformulator <richard yujra>
[10 days ago] b637879  CHANGE TAG IN SUBFORM ELEMENT <richard yujra>
[10 days ago] 35a031c  a <richard yujra>
[10 days ago] 0595406  fix rename properties for compbility with ie8 <richard yujra>
[11 days ago] 5200a7b  update setdefault value in textfield <Richard Yujra>
[11 days ago] 8c736a9  a <richard yujra>
[11 days ago] 53e8be9  change fix data in suggest field <Richard Yujra>
[11 days ago] 17ef8be  IMPROVEMENTS IN CSS, TO GRID FIELD <richard yujra>
[11 days ago] a6de9de  UPDATE value in vontrol hidden for suggest control <richard yujra>
[11 days ago] 30d1809  update field label <richard yujra>
[12 days ago] 25f28ce  a <richard yujra>
[12 days ago] e531f99  UPDATE CSS FOR grid field <richard yujra>
[12 days ago] dcc8583  fix remove disabled when data is sent <richard yujra>
[12 days ago] 94f516a  UPDATE colors <Richard Yujra>
[12 days ago] b9e64b9  (origin/IMPROVEMENT, composer/IMPROVEMENT) FIX MOBILE CONTROLS <richard yujra>