[3 hours ago] 5ef217f  PM-2828 "In the BPMN Designer, can not connect..." SOLVED > Code Isuue:   0016744: In the BPMN Designer, can not connect to Oracle (and probably MS SQL) databases because no "Encode" options > Solution:   Cuando se selecciona la opcion en engine "oracle" no se mostraba los encodes. Se agrega los encodes para oracle. <Luis Fernando Saisa Lopez>
[10 hours ago] 91db528  PM-2790 0017387: Derivacion en paralelo, una de los hilos llega a la bandeja como leido <dheeyi>
[3 days ago] ee1bd0f  PM-2791: I added the regular expresion in other place <Paula V. Quispe>
[5 days ago] bdf93ba  PM-00000 "Revert & Fix: Fix to import process" SOLVED <Victor Saisa Lopez>
[7 days ago] 1d92a4c  pm-2731 <marcelo.cuiza>
[7 days ago] 8046dec  PM-2811: Upgrade ProcessMaker from 2.8 to 3.0 on Ubuntu, problem with close in propel <Paula V. Quispe>
[7 days ago] aeda410  PM-2791: Problema con el workspace-restore en Windows <Paula V. Quispe>
[7 days ago] b025c3d  PM-2791: Problema con el workspace-restore en Windows <Paula V. Quispe>
[10 days ago] 4ee4ee1  PM-2765 "Processmaker Email Servers Disabled" SOLVED <Luis Fernando Saisa Lopez>
[10 days ago] e7034aa  PM-2789 Implementar una forma de subir el archivo... SOLVED <Marco Antonio Nina Mena>
[10 days ago] 2145db0  PM-2727 "Admin>Settings>Roles:..." SOLVED <Luis Fernando Saisa Lopez>
[10 days ago] c3bad16  PM-2652, PM-2697, PM-2791: I fixed problems with workspace-restore <Paula V. Quispe>
[10 days ago] 67d3a8a  IMPROVEMENT <Roly Rudy Gutierrez Pinto>
[10 days ago] 43cf255  PM-2796, PM-2800 y PM-2762 <dheeyi>
[10 days ago] 122af7f  PM-2693 "WebEntry: Cuando importas un proceso que tiene..." SOLVED <Victor Saisa Lopez>
[11 days ago] d14d25f  PM-2655 <dheeyi>
[11 days ago] 109e018  PM-2741 <marcelo.cuiza>
[11 days ago] a05f55e  PM-2795: al autentificarse con REST no verifica contra el LdapAdvanced <Paula V. Quispe>
[11 days ago] d089f0b  PM-2655 <dheeyi>
[11 days ago] 2cb4058  PM-55 <dheeyi>
[11 days ago] 5d9920c  PM-2639, PM-1072, PM-1130, PM-2764 <dheeyi>
[2 weeks ago] 180a8a2  PM-00000 "Fix to import process" SOLVED <Victor Saisa Lopez>
[2 weeks ago] 0fc2b7e  PM-2685 "Error al importar y sobre-escribir un proceso que ya" SOLVED <Victor Saisa Lopez>
[3 weeks ago] 05a0048  PM-2694 <marcelo.cuiza>
[3 weeks ago] ca67593  PM-2627 <marcelo.cuiza>
[3 weeks ago] 1ff4e7c  Improvement install plugin interface Enterprise manager <Marco Antonio Nina Mena>
[3 weeks ago] dad7f16  PM-1238 <marcelo.cuiza>
[3 weeks ago] 7169ea3  PM-2624 <dheeyi>
[3 weeks ago] ea91e63  PM-2694 <marcelo.cuiza>
[3 weeks ago] 940c2bc  PM-1150 El trigger PMF Delete Case despliega el error Fatal error: Call to a member function toArray() on a non-object in /opt/processmaker280/workflow/engine/classes/class.case.php on <dheeyi>
